<?xml version="1.0" encoding="UTF-8"?>
<testng-results ignored="0" total="1" passed="0" failed="1" skipped="0">
  <reporter-output>
  </reporter-output>
  <suite started-at="2024-08-12T12:02:16 IST" name="Default suite" finished-at="2024-08-12T12:02:35 IST" duration-ms="18557">
    <groups>
    </groups>
    <test started-at="2024-08-12T12:02:16 IST" name="Default test" finished-at="2024-08-12T12:02:35 IST" duration-ms="18557">
      <class name="com.Automation.appln.scripts.GmailPomTest">
        <test-method is-config="true" signature="OpenBrowser(java.lang.String)[pri:0, instance:com.Automation.appln.scripts.GmailPomTest@3527942a]" started-at="2024-08-12T12:02:05 IST" name="OpenBrowser" finished-at="2024-08-12T12:02:16 IST" duration-ms="11218" status="PASS">
          <params>
            <param index="0">
              <value>
                <![CDATA[chrome]]>
              </value>
            </param>
          </params>
          <reporter-output>
          </reporter-output>
        </test-method> <!-- OpenBrowser -->
        <test-method is-config="true" signature="initReports()[pri:0, instance:com.Automation.appln.scripts.GmailPomTest@3527942a]" started-at="2024-08-12T12:02:16 IST" name="initReports" finished-at="2024-08-12T12:02:17 IST" duration-ms="706" status="PASS">
          <reporter-output>
          </reporter-output>
        </test-method> <!-- initReports -->
        <test-method is-config="true" signature="BeforeTCExecution(java.lang.reflect.Method)[pri:0, instance:com.Automation.appln.scripts.GmailPomTest@3527942a]" started-at="2024-08-12T12:02:18 IST" name="BeforeTCExecution" finished-at="2024-08-12T12:02:18 IST" duration-ms="11" status="PASS">
          <params>
            <param index="0">
              <value>
                <![CDATA[public void com.Automation.appln.scripts.GmailPomTest.HomeTest() throws java.io.IOException,org.apache.poi.EncryptedDocumentException,com.Automation.customisedException.FrameworkException]]>
              </value>
            </param>
          </params>
          <reporter-output>
          </reporter-output>
        </test-method> <!-- BeforeTCExecution -->
        <test-method signature="HomeTest()[pri:0, instance:com.Automation.appln.scripts.GmailPomTest@3527942a]" started-at="2024-08-12T12:02:18 IST" name="HomeTest" finished-at="2024-08-12T12:02:31 IST" duration-ms="13038" status="FAIL">
          <exception class="java.lang.NoClassDefFoundError">
            <message>
              <![CDATA[org/apache/xmlbeans/impl/schema/DocumentFactory]]>
            </message>
            <full-stacktrace>
              <![CDATA[java.lang.NoClassDefFoundError: org/apache/xmlbeans/impl/schema/DocumentFactory
at org.openxmlformats.schemas.drawingml.x2006.main.ThemeDocument.<clinit>(ThemeDocument.java:23)
at org.apache.poi.xssf.model.ThemesTable.readFrom(ThemesTable.java:119)
at org.apache.poi.xssf.model.ThemesTable.<init>(ThemesTable.java:87)
at org.apache.poi.ooxml.POIXMLFactory.createDocumentPart(POIXMLFactory.java:61)
at org.apache.poi.ooxml.POIXMLDocumentPart.read(POIXMLDocumentPart.java:661)
at org.apache.poi.ooxml.POIXMLDocument.load(POIXMLDocument.java:165)
at org.apache.poi.xssf.usermodel.XSSFWorkbook.<init>(XSSFWorkbook.java:260)
at org.apache.poi.xssf.usermodel.XSSFWorkbookFactory.createWorkbook(XSSFWorkbookFactory.java:118)
at org.apache.poi.xssf.usermodel.XSSFWorkbookFactory.create(XSSFWorkbookFactory.java:98)
at org.apache.poi.xssf.usermodel.XSSFWorkbookFactory.create(XSSFWorkbookFactory.java:36)
at org.apache.poi.ss.usermodel.WorkbookFactory.lambda$create$2(WorkbookFactory.java:224)
at org.apache.poi.ss.usermodel.WorkbookFactory.wp(WorkbookFactory.java:329)
at org.apache.poi.ss.usermodel.WorkbookFactory.create(WorkbookFactory.java:224)
at org.apache.poi.ss.usermodel.WorkbookFactory.create(WorkbookFactory.java:185)
at com.Automation.Supporters.ExcelReader.<init>(ExcelReader.java:34)
at com.Automation.Utilites.PojoReader.getExcelreaderobj(PojoReader.java:24)
at com.Automation.appln.scripts.GmailPomTest.HomeTest(GmailPomTest.java:19)
at java.base/jdk.internal.reflect.NativeMethodAccessorImpl.invoke0(Native Method)
at java.base/jdk.internal.reflect.NativeMethodAccessorImpl.invoke(NativeMethodAccessorImpl.java:62)
at java.base/jdk.internal.reflect.DelegatingMethodAccessorImpl.invoke(DelegatingMethodAccessorImpl.java:43)
at java.base/java.lang.reflect.Method.invoke(Method.java:566)
at org.testng.internal.MethodInvocationHelper.invokeMethod(MethodInvocationHelper.java:133)
at org.testng.internal.TestInvoker.invokeMethod(TestInvoker.java:598)
at org.testng.internal.TestInvoker.invokeTestMethod(TestInvoker.java:173)
at org.testng.internal.MethodRunner.runInSequence(MethodRunner.java:46)
at org.testng.internal.TestInvoker$MethodInvocationAgent.invoke(TestInvoker.java:824)
at org.testng.internal.TestInvoker.invokeTestMethods(TestInvoker.java:146)
at org.testng.internal.TestMethodWorker.invokeTestMethods(TestMethodWorker.java:146)
at org.testng.internal.TestMethodWorker.run(TestMethodWorker.java:128)
at java.base/java.util.ArrayList.forEach(ArrayList.java:1541)
at org.testng.TestRunner.privateRun(TestRunner.java:794)
at org.testng.TestRunner.run(TestRunner.java:596)
at org.testng.SuiteRunner.runTest(SuiteRunner.java:377)
at org.testng.SuiteRunner.runSequentially(SuiteRunner.java:371)
at org.testng.SuiteRunner.privateRun(SuiteRunner.java:332)
at org.testng.SuiteRunner.run(SuiteRunner.java:276)
at org.testng.SuiteRunnerWorker.runSuite(SuiteRunnerWorker.java:53)
at org.testng.SuiteRunnerWorker.run(SuiteRunnerWorker.java:96)
at org.testng.TestNG.runSuitesSequentially(TestNG.java:1212)
at org.testng.TestNG.runSuitesLocally(TestNG.java:1134)
at org.testng.TestNG.runSuites(TestNG.java:1063)
at org.testng.TestNG.run(TestNG.java:1031)
at org.testng.remote.AbstractRemoteTestNG.run(AbstractRemoteTestNG.java:115)
at org.testng.remote.RemoteTestNG.initAndRun(RemoteTestNG.java:251)
at org.testng.remote.RemoteTestNG.main(RemoteTestNG.java:77)
Caused by: java.lang.ClassNotFoundException: org.apache.xmlbeans.impl.schema.DocumentFactory
at java.base/jdk.internal.loader.BuiltinClassLoader.loadClass(BuiltinClassLoader.java:581)
at java.base/jdk.internal.loader.ClassLoaders$AppClassLoader.loadClass(ClassLoaders.java:178)
at java.base/java.lang.ClassLoader.loadClass(ClassLoader.java:521)
... 45 more
]]>
            </full-stacktrace>
          </exception> <!-- java.lang.NoClassDefFoundError -->
          <reporter-output>
          </reporter-output>
        </test-method> <!-- HomeTest -->
        <test-method is-config="true" signature="AfterTCExecution(org.testng.ITestResult)[pri:0, instance:com.Automation.appln.scripts.GmailPomTest@3527942a]" started-at="2024-08-12T12:02:31 IST" name="AfterTCExecution" finished-at="2024-08-12T12:02:31 IST" duration-ms="241" status="PASS">
          <params>
            <param index="0">
              <value>
                <![CDATA[[TestResult name=HomeTest status=FAILURE method=GmailPomTest.HomeTest()[pri:0, instance:com.Automation.appln.scripts.GmailPomTest@3527942a] output={null}]]]>
              </value>
            </param>
          </params>
          <reporter-output>
          </reporter-output>
        </test-method> <!-- AfterTCExecution -->
        <test-method is-config="true" signature="GenerateReports()[pri:0, instance:com.Automation.appln.scripts.GmailPomTest@3527942a]" started-at="2024-08-12T12:02:31 IST" name="GenerateReports" finished-at="2024-08-12T12:02:35 IST" duration-ms="4045" status="PASS">
          <reporter-output>
          </reporter-output>
        </test-method> <!-- GenerateReports -->
        <test-method is-config="true" signature="CloseBrowser()[pri:0, instance:com.Automation.appln.scripts.GmailPomTest@3527942a]" started-at="2024-08-12T12:02:35 IST" name="CloseBrowser" finished-at="2024-08-12T12:02:51 IST" duration-ms="15717" status="PASS">
          <reporter-output>
          </reporter-output>
        </test-method> <!-- CloseBrowser -->
      </class> <!-- com.Automation.appln.scripts.GmailPomTest -->
    </test> <!-- Default test -->
  </suite> <!-- Default suite -->
</testng-results>
